<?xml version="1.0" encoding="UTF-8"?>
<testsuite xmlns:xsi="http://www.w3.org/2001/XMLSchema-instance" xsi:noNamespaceSchemaLocation="https://maven.apache.org/surefire/maven-surefire-plugin/xsd/surefire-test-report-3.0.xsd" version="3.0" name="Database.H2Test" time="0.057" tests="1" errors="0" skipped="0" failures="0">
  <properties>
    <property name="sun.desktop" value="windows"/>
    <property name="awt.toolkit" value="sun.awt.windows.WToolkit"/>
    <property name="file.encoding.pkg" value="sun.io"/>
    <property name="java.specification.version" value="1.8"/>
    <property name="sun.cpu.isalist" value="amd64"/>
    <property name="sun.jnu.encoding" value="Cp1252"/>
    <property name="java.class.path" value="C:\Users\cooki\IdeaProjects\CISCFINALLAB1\target\test-classes;C:\Users\cooki\IdeaProjects\CISCFINALLAB1\target\classes;C:\Users\cooki\.m2\repository\org\junit\jupiter\junit-jupiter-api\5.10.3\junit-jupiter-api-5.10.3.jar;C:\Users\cooki\.m2\repository\org\opentest4j\opentest4j\1.3.0\opentest4j-1.3.0.jar;C:\Users\cooki\.m2\repository\org\junit\platform\junit-platform-commons\1.10.3\junit-platform-commons-1.10.3.jar;C:\Users\cooki\.m2\repository\org\apiguardian\apiguardian-api\1.1.2\apiguardian-api-1.1.2.jar;C:\Users\cooki\.m2\repository\com\h2database\h2\2.3.230\h2-2.3.230.jar;C:\Users\cooki\.m2\repository\org\springframework\data\spring-data-jpa\3.3.2\spring-data-jpa-3.3.2.jar;C:\Users\cooki\.m2\repository\org\springframework\data\spring-data-commons\3.3.2\spring-data-commons-3.3.2.jar;C:\Users\cooki\.m2\repository\org\springframework\spring-orm\6.1.9\spring-orm-6.1.9.jar;C:\Users\cooki\.m2\repository\org\springframework\spring-jdbc\6.1.9\spring-jdbc-6.1.9.jar;C:\Users\cooki\.m2\repository\org\springframework\spring-context\6.1.9\spring-context-6.1.9.jar;C:\Users\cooki\.m2\repository\org\springframework\spring-expression\6.1.9\spring-expression-6.1.9.jar;C:\Users\cooki\.m2\repository\io\micrometer\micrometer-observation\1.12.7\micrometer-observation-1.12.7.jar;C:\Users\cooki\.m2\repository\io\micrometer\micrometer-commons\1.12.7\micrometer-commons-1.12.7.jar;C:\Users\cooki\.m2\repository\org\springframework\spring-aop\6.1.9\spring-aop-6.1.9.jar;C:\Users\cooki\.m2\repository\org\springframework\spring-tx\6.1.9\spring-tx-6.1.9.jar;C:\Users\cooki\.m2\repository\org\springframework\spring-beans\6.1.9\spring-beans-6.1.9.jar;C:\Users\cooki\.m2\repository\org\springframework\spring-core\6.1.9\spring-core-6.1.9.jar;C:\Users\cooki\.m2\repository\org\springframework\spring-jcl\6.1.9\spring-jcl-6.1.9.jar;C:\Users\cooki\.m2\repository\org\antlr\antlr4-runtime\4.13.0\antlr4-runtime-4.13.0.jar;C:\Users\cooki\.m2\repository\jakarta\annotation\jakarta.annotation-api\2.0.0\jakarta.annotation-api-2.0.0.jar;C:\Users\cooki\.m2\repository\org\slf4j\slf4j-api\2.0.2\slf4j-api-2.0.2.jar;C:\Users\cooki\.m2\repository\concurrent\concurrent\1.3.3\concurrent-1.3.3.jar;C:\Users\cooki\.m2\repository\org\openjfx\javafx-controls\11\javafx-controls-11-win.jar;C:\Users\cooki\.m2\repository\org\openjfx\javafx-graphics\11\javafx-graphics-11.jar;C:\Users\cooki\.m2\repository\org\openjfx\javafx-graphics\11\javafx-graphics-11-win.jar;C:\Users\cooki\.m2\repository\org\openjfx\javafx-base\11\javafx-base-11.jar;C:\Users\cooki\.m2\repository\org\openjfx\javafx-base\11\javafx-base-11-win.jar;"/>
    <property name="java.vm.vendor" value="Amazon.com Inc."/>
    <property name="sun.arch.data.model" value="64"/>
    <property name="user.variant" value=""/>
    <property name="java.vendor.url" value="https://aws.amazon.com/corretto/"/>
    <property name="user.timezone" value="America/Los_Angeles"/>
    <property name="java.vm.specification.version" value="1.8"/>
    <property name="os.name" value="Windows 11"/>
    <property name="user.country" value="US"/>
    <property name="sun.java.launcher" value="SUN_STANDARD"/>
    <property name="sun.boot.library.path" value="C:\Users\cooki\.jdks\corretto-1.8.0_422\jre\bin"/>
    <property name="sun.java.command" value="C:\Users\cooki\AppData\Local\Temp\surefire4327707782931363935\surefirebooter-20240812121255838_3.jar C:\Users\cooki\AppData\Local\Temp\surefire4327707782931363935 2024-08-12T12-12-53_767-jvmRun1 surefire-20240812121255838_1tmp surefire_0-20240812121255838_2tmp"/>
    <property name="surefire.test.class.path" value="C:\Users\cooki\IdeaProjects\CISCFINALLAB1\target\test-classes;C:\Users\cooki\IdeaProjects\CISCFINALLAB1\target\classes;C:\Users\cooki\.m2\repository\org\junit\jupiter\junit-jupiter-api\5.10.3\junit-jupiter-api-5.10.3.jar;C:\Users\cooki\.m2\repository\org\opentest4j\opentest4j\1.3.0\opentest4j-1.3.0.jar;C:\Users\cooki\.m2\repository\org\junit\platform\junit-platform-commons\1.10.3\junit-platform-commons-1.10.3.jar;C:\Users\cooki\.m2\repository\org\apiguardian\apiguardian-api\1.1.2\apiguardian-api-1.1.2.jar;C:\Users\cooki\.m2\repository\com\h2database\h2\2.3.230\h2-2.3.230.jar;C:\Users\cooki\.m2\repository\org\springframework\data\spring-data-jpa\3.3.2\spring-data-jpa-3.3.2.jar;C:\Users\cooki\.m2\repository\org\springframework\data\spring-data-commons\3.3.2\spring-data-commons-3.3.2.jar;C:\Users\cooki\.m2\repository\org\springframework\spring-orm\6.1.9\spring-orm-6.1.9.jar;C:\Users\cooki\.m2\repository\org\springframework\spring-jdbc\6.1.9\spring-jdbc-6.1.9.jar;C:\Users\cooki\.m2\repository\org\springframework\spring-context\6.1.9\spring-context-6.1.9.jar;C:\Users\cooki\.m2\repository\org\springframework\spring-expression\6.1.9\spring-expression-6.1.9.jar;C:\Users\cooki\.m2\repository\io\micrometer\micrometer-observation\1.12.7\micrometer-observation-1.12.7.jar;C:\Users\cooki\.m2\repository\io\micrometer\micrometer-commons\1.12.7\micrometer-commons-1.12.7.jar;C:\Users\cooki\.m2\repository\org\springframework\spring-aop\6.1.9\spring-aop-6.1.9.jar;C:\Users\cooki\.m2\repository\org\springframework\spring-tx\6.1.9\spring-tx-6.1.9.jar;C:\Users\cooki\.m2\repository\org\springframework\spring-beans\6.1.9\spring-beans-6.1.9.jar;C:\Users\cooki\.m2\repository\org\springframework\spring-core\6.1.9\spring-core-6.1.9.jar;C:\Users\cooki\.m2\repository\org\springframework\spring-jcl\6.1.9\spring-jcl-6.1.9.jar;C:\Users\cooki\.m2\repository\org\antlr\antlr4-runtime\4.13.0\antlr4-runtime-4.13.0.jar;C:\Users\cooki\.m2\repository\jakarta\annotation\jakarta.annotation-api\2.0.0\jakarta.annotation-api-2.0.0.jar;C:\Users\cooki\.m2\repository\org\slf4j\slf4j-api\2.0.2\slf4j-api-2.0.2.jar;C:\Users\cooki\.m2\repository\concurrent\concurrent\1.3.3\concurrent-1.3.3.jar;C:\Users\cooki\.m2\repository\org\openjfx\javafx-controls\11\javafx-controls-11-win.jar;C:\Users\cooki\.m2\repository\org\openjfx\javafx-graphics\11\javafx-graphics-11.jar;C:\Users\cooki\.m2\repository\org\openjfx\javafx-graphics\11\javafx-graphics-11-win.jar;C:\Users\cooki\.m2\repository\org\openjfx\javafx-base\11\javafx-base-11.jar;C:\Users\cooki\.m2\repository\org\openjfx\javafx-base\11\javafx-base-11-win.jar;"/>
    <property name="sun.cpu.endian" value="little"/>
    <property name="user.home" value="C:\Users\cooki"/>
    <property name="user.language" value="en"/>
    <property name="java.specification.vendor" value="Oracle Corporation"/>
    <property name="java.home" value="C:\Users\cooki\.jdks\corretto-1.8.0_422\jre"/>
    <property name="basedir" value="C:\Users\cooki\IdeaProjects\CISCFINALLAB1"/>
    <property name="file.separator" value="\"/>
    <property name="line.separator" value="&#10;"/>
    <property name="java.vm.specification.vendor" value="Oracle Corporation"/>
    <property name="java.specification.name" value="Java Platform API Specification"/>
    <property name="java.awt.graphicsenv" value="sun.awt.Win32GraphicsEnvironment"/>
    <property name="surefire.real.class.path" value="C:\Users\cooki\AppData\Local\Temp\surefire4327707782931363935\surefirebooter-20240812121255838_3.jar"/>
    <property name="sun.boot.class.path" value="C:\Users\cooki\.jdks\corretto-1.8.0_422\jre\lib\resources.jar;C:\Users\cooki\.jdks\corretto-1.8.0_422\jre\lib\rt.jar;C:\Users\cooki\.jdks\corretto-1.8.0_422\jre\lib\sunrsasign.jar;C:\Users\cooki\.jdks\corretto-1.8.0_422\jre\lib\jsse.jar;C:\Users\cooki\.jdks\corretto-1.8.0_422\jre\lib\jce.jar;C:\Users\cooki\.jdks\corretto-1.8.0_422\jre\lib\charsets.jar;C:\Users\cooki\.jdks\corretto-1.8.0_422\jre\lib\jfr.jar;C:\Users\cooki\.jdks\corretto-1.8.0_422\jre\classes"/>
    <property name="user.script" value=""/>
    <property name="sun.management.compiler" value="HotSpot 64-Bit Tiered Compilers"/>
    <property name="java.runtime.version" value="1.8.0_422-b05"/>
    <property name="user.name" value="cooki"/>
    <property name="path.separator" value=";"/>
    <property name="os.version" value="10.0"/>
    <property name="java.endorsed.dirs" value="C:\Users\cooki\.jdks\corretto-1.8.0_422\jre\lib\endorsed"/>
    <property name="java.runtime.name" value="OpenJDK Runtime Environment"/>
    <property name="file.encoding" value="Cp1252"/>
    <property name="java.vm.name" value="OpenJDK 64-Bit Server VM"/>
    <property name="localRepository" value="C:\Users\cooki\.m2\repository"/>
    <property name="java.vendor.url.bug" value="https://github.com/corretto/corretto-8/issues/"/>
    <property name="java.io.tmpdir" value="C:\Users\cooki\AppData\Local\Temp\"/>
    <property name="idea.version" value="2024.2"/>
    <property name="java.version" value="1.8.0_422"/>
    <property name="user.dir" value="C:\Users\cooki\IdeaProjects\CISCFINALLAB1"/>
    <property name="os.arch" value="amd64"/>
    <property name="java.vm.specification.name" value="Java Virtual Machine Specification"/>
    <property name="java.awt.printerjob" value="sun.awt.windows.WPrinterJob"/>
    <property name="sun.os.patch.level" value=""/>
    <property name="java.library.path" value="C:\Users\cooki\.jdks\corretto-1.8.0_422\jre\bin;C:\WINDOWS\Sun\Java\bin;C:\WINDOWS\system32;C:\WINDOWS;C:\Program Files (x86)\VMware\VMware Player\bin\;C:\Program Files (x86)\Common Files\Oracle\Java\javapath;C:\Windows\system32;C:\Windows;C:\Windows\System32\Wbem;C:\Windows\System32\WindowsPowerShell\v1.0\;C:\Windows\System32\OpenSSH\;C:\Program Files (x86)\NVIDIA Corporation\PhysX\Common;C:\Program Files\NVIDIA Corporation\NVIDIA NvDLISR;C:\WINDOWS\system32;C:\WINDOWS;C:\WINDOWS\System32\Wbem;C:\WINDOWS\System32\WindowsPowerShell\v1.0\;C:\WINDOWS\System32\OpenSSH\;C:\Program Files\Git\cmd;C:\Program Files\MySQL\MySQL Shell 8.0\bin\;C:\Users\cooki\AppData\Local\Programs\Python\Python310\Scripts\;C:\Users\cooki\AppData\Local\Programs\Python\Python310\;C:\Users\cooki\AppData\Local\Microsoft\WindowsApps;C:\Program Files (x86)\Nmap;C:\Users\cooki\AppData\Local\JetBrains\Toolbox\scripts;C:\Users\cooki\AppData\Local\GitHubDesktop\bin;."/>
    <property name="java.vm.info" value="mixed mode"/>
    <property name="java.vendor" value="Amazon.com Inc."/>
    <property name="java.vm.version" value="25.422-b05"/>
    <property name="java.specification.maintenance.version" value="5"/>
    <property name="java.ext.dirs" value="C:\Users\cooki\.jdks\corretto-1.8.0_422\jre\lib\ext;C:\WINDOWS\Sun\Java\lib\ext"/>
    <property name="sun.io.unicode.encoding" value="UnicodeLittle"/>
    <property name="java.class.version" value="52.0"/>
  </properties>
  <testcase name="main" classname="Database.H2Test" time="0.025"/>
</testsuite>